<?xml version="1.0" encoding="UTF-8"?>
<coverage generated="1554193752225" clover="3.2.0">
  <project timestamp="1554193752225" name="All files">
    <metrics statements="49" coveredstatements="47" conditionals="40" coveredconditionals="37" methods="15" coveredmethods="15" elements="104" coveredelements="99" complexity="0" loc="49" ncloc="49" packages="1" files="2" classes="2"/>
    <file name="interval.js" path="/Users/mek/Documents/ENSIIE/2A/ITEST/tp-jest/src/interval.js">
      <metrics statements="15" coveredstatements="15" conditionals="12" coveredconditionals="11" methods="7" coveredmethods="7"/>
      <line num="3" count="42" type="stmt"/>
      <line num="4" count="42" type="stmt"/>
      <line num="8" count="28" type="stmt"/>
      <line num="26" count="11" type="cond" truecount="2" falsecount="0"/>
      <line num="46" count="3" type="stmt"/>
      <line num="68" count="3" type="cond" truecount="2" falsecount="0"/>
      <line num="69" count="1" type="stmt"/>
      <line num="76" count="2" type="stmt"/>
      <line num="97" count="3" type="cond" truecount="2" falsecount="0"/>
      <line num="98" count="1" type="stmt"/>
      <line num="105" count="2" type="stmt"/>
      <line num="126" count="2" type="cond" truecount="2" falsecount="0"/>
      <line num="127" count="1" type="stmt"/>
      <line num="129" count="1" type="stmt"/>
      <line num="143" count="1" type="stmt"/>
    </file>
    <file name="math.js" path="/Users/mek/Documents/ENSIIE/2A/ITEST/tp-jest/src/math.js">
      <metrics statements="34" coveredstatements="32" conditionals="28" coveredconditionals="26" methods="8" coveredmethods="8"/>
      <line num="1" count="1" type="stmt"/>
      <line num="2" count="1" type="stmt"/>
      <line num="3" count="22" type="cond" truecount="2" falsecount="0"/>
      <line num="4" count="1" type="stmt"/>
      <line num="7" count="21" type="cond" truecount="3" falsecount="1"/>
      <line num="8" count="0" type="stmt"/>
      <line num="11" count="21" type="cond" truecount="1" falsecount="1"/>
      <line num="12" count="0" type="stmt"/>
      <line num="15" count="21" type="cond" truecount="2" falsecount="0"/>
      <line num="16" count="6" type="stmt"/>
      <line num="19" count="15" type="stmt"/>
      <line num="30" count="1" type="stmt"/>
      <line num="31" count="19" type="cond" truecount="2" falsecount="0"/>
      <line num="32" count="16" type="cond" truecount="4" falsecount="0"/>
      <line num="33" count="11" type="cond" truecount="4" falsecount="0"/>
      <line num="34" count="4" type="stmt"/>
      <line num="35" count="3" type="stmt"/>
      <line num="48" count="1" type="stmt"/>
      <line num="49" count="2" type="stmt"/>
      <line num="51" count="14" type="stmt"/>
      <line num="52" count="14" type="stmt"/>
      <line num="53" count="5" type="stmt"/>
      <line num="68" count="1" type="stmt"/>
      <line num="69" count="1" type="stmt"/>
      <line num="70" count="1" type="stmt"/>
      <line num="71" count="1" type="stmt"/>
      <line num="72" count="15" type="stmt"/>
      <line num="73" count="1" type="stmt"/>
      <line num="74" count="15" type="stmt"/>
      <line num="75" count="15" type="cond" truecount="2" falsecount="0"/>
      <line num="76" count="15" type="cond" truecount="2" falsecount="0"/>
      <line num="77" count="15" type="cond" truecount="4" falsecount="0"/>
      <line num="79" count="1" type="stmt"/>
      <line num="94" count="1" type="stmt"/>
    </file>
  </project>
</coverage>
