{"/Users/mek/Documents/ENSIIE/2A/ITEST/tp-jest/src/interval.js": {"path":"/Users/mek/Documents/ENSIIE/2A/ITEST/tp-jest/src/interval.js","statementMap":{"0":{"start":{"line":3,"column":4},"end":{"line":3,"column":23}},"1":{"start":{"line":4,"column":4},"end":{"line":4,"column":19}},"2":{"start":{"line":8,"column":4},"end":{"line":8,"column":51}},"3":{"start":{"line":26,"column":4},"end":{"line":26,"column":66}},"4":{"start":{"line":46,"column":4},"end":{"line":49,"column":6}},"5":{"start":{"line":68,"column":4},"end":{"line":77,"column":5}},"6":{"start":{"line":69,"column":6},"end":{"line":74,"column":8}},"7":{"start":{"line":76,"column":6},"end":{"line":76,"column":30}},"8":{"start":{"line":97,"column":4},"end":{"line":106,"column":5}},"9":{"start":{"line":98,"column":6},"end":{"line":103,"column":8}},"10":{"start":{"line":105,"column":6},"end":{"line":105,"column":16}},"11":{"start":{"line":126,"column":4},"end":{"line":139,"column":5}},"12":{"start":{"line":127,"column":6},"end":{"line":127,"column":30}},"13":{"start":{"line":129,"column":6},"end":{"line":138,"column":8}},"14":{"start":{"line":143,"column":0},"end":{"line":143,"column":26}}},"fnMap":{"0":{"name":"(anonymous_0)","decl":{"start":{"line":2,"column":2},"end":{"line":2,"column":3}},"loc":{"start":{"line":2,"column":26},"end":{"line":5,"column":3}},"line":2},"1":{"name":"(anonymous_1)","decl":{"start":{"line":7,"column":2},"end":{"line":7,"column":3}},"loc":{"start":{"line":7,"column":13},"end":{"line":9,"column":3}},"line":7},"2":{"name":"(anonymous_2)","decl":{"start":{"line":25,"column":2},"end":{"line":25,"column":3}},"loc":{"start":{"line":25,"column":21},"end":{"line":27,"column":3}},"line":25},"3":{"name":"(anonymous_3)","decl":{"start":{"line":45,"column":2},"end":{"line":45,"column":3}},"loc":{"start":{"line":45,"column":21},"end":{"line":50,"column":3}},"line":45},"4":{"name":"(anonymous_4)","decl":{"start":{"line":67,"column":2},"end":{"line":67,"column":3}},"loc":{"start":{"line":67,"column":18},"end":{"line":78,"column":3}},"line":67},"5":{"name":"(anonymous_5)","decl":{"start":{"line":96,"column":2},"end":{"line":96,"column":3}},"loc":{"start":{"line":96,"column":25},"end":{"line":107,"column":3}},"line":96},"6":{"name":"(anonymous_6)","decl":{"start":{"line":125,"column":2},"end":{"line":125,"column":3}},"loc":{"start":{"line":125,"column":22},"end":{"line":140,"column":3}},"line":125}},"branchMap":{"0":{"loc":{"start":{"line":26,"column":11},"end":{"line":26,"column":65}},"type":"binary-expr","locations":[{"start":{"line":26,"column":11},"end":{"line":26,"column":36}},{"start":{"line":26,"column":40},"end":{"line":26,"column":65}}],"line":26},"1":{"loc":{"start":{"line":47,"column":6},"end":{"line":48,"column":64}},"type":"binary-expr","locations":[{"start":{"line":47,"column":7},"end":{"line":47,"column":35}},{"start":{"line":47,"column":39},"end":{"line":47,"column":63}},{"start":{"line":48,"column":7},"end":{"line":48,"column":35}},{"start":{"line":48,"column":39},"end":{"line":48,"column":63}}],"line":47},"2":{"loc":{"start":{"line":68,"column":4},"end":{"line":77,"column":5}},"type":"if","locations":[{"start":{"line":68,"column":4},"end":{"line":77,"column":5}},{"start":{"line":68,"column":4},"end":{"line":77,"column":5}}],"line":68},"3":{"loc":{"start":{"line":97,"column":4},"end":{"line":106,"column":5}},"type":"if","locations":[{"start":{"line":97,"column":4},"end":{"line":106,"column":5}},{"start":{"line":97,"column":4},"end":{"line":106,"column":5}}],"line":97},"4":{"loc":{"start":{"line":126,"column":4},"end":{"line":139,"column":5}},"type":"if","locations":[{"start":{"line":126,"column":4},"end":{"line":139,"column":5}},{"start":{"line":126,"column":4},"end":{"line":139,"column":5}}],"line":126}},"s":{"0":42,"1":42,"2":28,"3":11,"4":3,"5":3,"6":1,"7":2,"8":3,"9":1,"10":2,"11":2,"12":1,"13":1,"14":1},"f":{"0":42,"1":28,"2":11,"3":3,"4":3,"5":3,"6":2},"b":{"0":[11,4],"1":[3,0,3,3],"2":[1,2],"3":[1,2],"4":[1,1]},"_coverageSchema":"43e27e138ebf9cfc5966b082cf9a028302ed4184","hash":"e185449812f4683cb374d1849ed0c63770daf8c6"}
,"/Users/mek/Documents/ENSIIE/2A/ITEST/tp-jest/src/math.js": {"path":"/Users/mek/Documents/ENSIIE/2A/ITEST/tp-jest/src/math.js","statementMap":{"0":{"start":{"line":1,"column":11},"end":{"line":1,"column":13}},"1":{"start":{"line":2,"column":0},"end":{"line":20,"column":2}},"2":{"start":{"line":3,"column":2},"end":{"line":5,"column":3}},"3":{"start":{"line":4,"column":4},"end":{"line":4,"column":50}},"4":{"start":{"line":7,"column":2},"end":{"line":9,"column":3}},"5":{"start":{"line":8,"column":4},"end":{"line":8,"column":62}},"6":{"start":{"line":11,"column":2},"end":{"line":13,"column":3}},"7":{"start":{"line":12,"column":4},"end":{"line":12,"column":52}},"8":{"start":{"line":15,"column":2},"end":{"line":17,"column":3}},"9":{"start":{"line":16,"column":4},"end":{"line":16,"column":13}},"10":{"start":{"line":19,"column":2},"end":{"line":19,"column":35}},"11":{"start":{"line":30,"column":0},"end":{"line":36,"column":2}},"12":{"start":{"line":31,"column":2},"end":{"line":35,"column":22}},"13":{"start":{"line":32,"column":4},"end":{"line":34,"column":21}},"14":{"start":{"line":32,"column":28},"end":{"line":32,"column":40}},"15":{"start":{"line":33,"column":9},"end":{"line":34,"column":21}},"16":{"start":{"line":33,"column":41},"end":{"line":33,"column":54}},"17":{"start":{"line":34,"column":9},"end":{"line":34,"column":21}},"18":{"start":{"line":35,"column":9},"end":{"line":35,"column":22}},"19":{"start":{"line":48,"column":0},"end":{"line":54,"column":2}},"20":{"start":{"line":49,"column":2},"end":{"line":53,"column":33}},"21":{"start":{"line":51,"column":19},"end":{"line":51,"column":24}},"22":{"start":{"line":52,"column":17},"end":{"line":52,"column":32}},"23":{"start":{"line":53,"column":24},"end":{"line":53,"column":31}},"24":{"start":{"line":68,"column":0},"end":{"line":80,"column":2}},"25":{"start":{"line":69,"column":12},"end":{"line":69,"column":24}},"26":{"start":{"line":70,"column":13},"end":{"line":70,"column":19}},"27":{"start":{"line":71,"column":13},"end":{"line":71,"column":19}},"28":{"start":{"line":72,"column":15},"end":{"line":72,"column":47}},"29":{"start":{"line":72,"column":41},"end":{"line":72,"column":46}},"30":{"start":{"line":73,"column":2},"end":{"line":78,"column":3}},"31":{"start":{"line":73,"column":15},"end":{"line":73,"column":16}},"32":{"start":{"line":74,"column":14},"end":{"line":74,"column":16}},"33":{"start":{"line":75,"column":4},"end":{"line":75,"column":41}},"34":{"start":{"line":75,"column":29},"end":{"line":75,"column":41}},"35":{"start":{"line":76,"column":4},"end":{"line":76,"column":41}},"36":{"start":{"line":76,"column":29},"end":{"line":76,"column":41}},"37":{"start":{"line":77,"column":4},"end":{"line":77,"column":68}},"38":{"start":{"line":77,"column":52},"end":{"line":77,"column":68}},"39":{"start":{"line":79,"column":2},"end":{"line":79,"column":16}},"40":{"start":{"line":94,"column":0},"end":{"line":94,"column":22}}},"fnMap":{"0":{"name":"(anonymous_0)","decl":{"start":{"line":2,"column":17},"end":{"line":2,"column":18}},"loc":{"start":{"line":2,"column":22},"end":{"line":20,"column":1}},"line":2},"1":{"name":"(anonymous_1)","decl":{"start":{"line":30,"column":15},"end":{"line":30,"column":16}},"loc":{"start":{"line":30,"column":27},"end":{"line":36,"column":1}},"line":30},"2":{"name":"(anonymous_2)","decl":{"start":{"line":48,"column":16},"end":{"line":48,"column":17}},"loc":{"start":{"line":48,"column":28},"end":{"line":54,"column":1}},"line":48},"3":{"name":"(anonymous_3)","decl":{"start":{"line":51,"column":9},"end":{"line":51,"column":10}},"loc":{"start":{"line":51,"column":19},"end":{"line":51,"column":24}},"line":51},"4":{"name":"(anonymous_4)","decl":{"start":{"line":52,"column":12},"end":{"line":52,"column":13}},"loc":{"start":{"line":52,"column":17},"end":{"line":52,"column":32}},"line":52},"5":{"name":"(anonymous_5)","decl":{"start":{"line":53,"column":12},"end":{"line":53,"column":13}},"loc":{"start":{"line":53,"column":24},"end":{"line":53,"column":31}},"line":53},"6":{"name":"(anonymous_6)","decl":{"start":{"line":68,"column":16},"end":{"line":68,"column":17}},"loc":{"start":{"line":68,"column":28},"end":{"line":80,"column":1}},"line":68},"7":{"name":"(anonymous_7)","decl":{"start":{"line":72,"column":31},"end":{"line":72,"column":32}},"loc":{"start":{"line":72,"column":41},"end":{"line":72,"column":46}},"line":72}},"branchMap":{"0":{"loc":{"start":{"line":3,"column":2},"end":{"line":5,"column":3}},"type":"if","locations":[{"start":{"line":3,"column":2},"end":{"line":5,"column":3}},{"start":{"line":3,"column":2},"end":{"line":5,"column":3}}],"line":3},"1":{"loc":{"start":{"line":7,"column":2},"end":{"line":9,"column":3}},"type":"if","locations":[{"start":{"line":7,"column":2},"end":{"line":9,"column":3}},{"start":{"line":7,"column":2},"end":{"line":9,"column":3}}],"line":7},"2":{"loc":{"start":{"line":7,"column":6},"end":{"line":7,"column":53}},"type":"binary-expr","locations":[{"start":{"line":7,"column":6},"end":{"line":7,"column":30}},{"start":{"line":7,"column":34},"end":{"line":7,"column":53}}],"line":7},"3":{"loc":{"start":{"line":11,"column":2},"end":{"line":13,"column":3}},"type":"if","locations":[{"start":{"line":11,"column":2},"end":{"line":13,"column":3}},{"start":{"line":11,"column":2},"end":{"line":13,"column":3}}],"line":11},"4":{"loc":{"start":{"line":15,"column":2},"end":{"line":17,"column":3}},"type":"if","locations":[{"start":{"line":15,"column":2},"end":{"line":17,"column":3}},{"start":{"line":15,"column":2},"end":{"line":17,"column":3}}],"line":15},"5":{"loc":{"start":{"line":31,"column":2},"end":{"line":35,"column":22}},"type":"if","locations":[{"start":{"line":31,"column":2},"end":{"line":35,"column":22}},{"start":{"line":31,"column":2},"end":{"line":35,"column":22}}],"line":31},"6":{"loc":{"start":{"line":32,"column":4},"end":{"line":34,"column":21}},"type":"if","locations":[{"start":{"line":32,"column":4},"end":{"line":34,"column":21}},{"start":{"line":32,"column":4},"end":{"line":34,"column":21}}],"line":32},"7":{"loc":{"start":{"line":32,"column":8},"end":{"line":32,"column":26}},"type":"binary-expr","locations":[{"start":{"line":32,"column":8},"end":{"line":32,"column":15}},{"start":{"line":32,"column":19},"end":{"line":32,"column":26}}],"line":32},"8":{"loc":{"start":{"line":33,"column":9},"end":{"line":34,"column":21}},"type":"if","locations":[{"start":{"line":33,"column":9},"end":{"line":34,"column":21}},{"start":{"line":33,"column":9},"end":{"line":34,"column":21}}],"line":33},"9":{"loc":{"start":{"line":33,"column":13},"end":{"line":33,"column":39}},"type":"binary-expr","locations":[{"start":{"line":33,"column":13},"end":{"line":33,"column":24}},{"start":{"line":33,"column":28},"end":{"line":33,"column":39}}],"line":33},"10":{"loc":{"start":{"line":75,"column":4},"end":{"line":75,"column":41}},"type":"if","locations":[{"start":{"line":75,"column":4},"end":{"line":75,"column":41}},{"start":{"line":75,"column":4},"end":{"line":75,"column":41}}],"line":75},"11":{"loc":{"start":{"line":76,"column":4},"end":{"line":76,"column":41}},"type":"if","locations":[{"start":{"line":76,"column":4},"end":{"line":76,"column":41}},{"start":{"line":76,"column":4},"end":{"line":76,"column":41}}],"line":76},"12":{"loc":{"start":{"line":77,"column":4},"end":{"line":77,"column":68}},"type":"if","locations":[{"start":{"line":77,"column":4},"end":{"line":77,"column":68}},{"start":{"line":77,"column":4},"end":{"line":77,"column":68}}],"line":77},"13":{"loc":{"start":{"line":77,"column":8},"end":{"line":77,"column":50}},"type":"binary-expr","locations":[{"start":{"line":77,"column":8},"end":{"line":77,"column":27}},{"start":{"line":77,"column":31},"end":{"line":77,"column":50}}],"line":77}},"s":{"0":1,"1":1,"2":22,"3":1,"4":21,"5":0,"6":21,"7":0,"8":21,"9":6,"10":15,"11":1,"12":19,"13":16,"14":5,"15":11,"16":7,"17":4,"18":3,"19":1,"20":2,"21":14,"22":14,"23":5,"24":1,"25":1,"26":1,"27":1,"28":1,"29":15,"30":1,"31":1,"32":15,"33":15,"34":5,"35":15,"36":3,"37":15,"38":7,"39":1,"40":1},"f":{"0":22,"1":19,"2":2,"3":14,"4":14,"5":5,"6":1,"7":15},"b":{"0":[1,21],"1":[0,21],"2":[21,21],"3":[0,21],"4":[6,15],"5":[16,3],"6":[5,11],"7":[16,13],"8":[7,4],"9":[11,4],"10":[5,10],"11":[3,12],"12":[7,8],"13":[15,10]},"_coverageSchema":"43e27e138ebf9cfc5966b082cf9a028302ed4184","hash":"a289a61c3e08fba98f3e46bb3e7ffdb80cd2e855"}
}
