TN:
SF:/Users/mek/Documents/ENSIIE/2A/ITEST/tp-jest/src/interval.js
FN:2,(anonymous_0)
FN:7,(anonymous_1)
FN:25,(anonymous_2)
FN:45,(anonymous_3)
FN:67,(anonymous_4)
FN:96,(anonymous_5)
FN:125,(anonymous_6)
FNF:7
FNH:7
FNDA:42,(anonymous_0)
FNDA:28,(anonymous_1)
FNDA:11,(anonymous_2)
FNDA:3,(anonymous_3)
FNDA:3,(anonymous_4)
FNDA:3,(anonymous_5)
FNDA:2,(anonymous_6)
DA:3,42
DA:4,42
DA:8,28
DA:26,11
DA:46,3
DA:68,3
DA:69,1
DA:76,2
DA:97,3
DA:98,1
DA:105,2
DA:126,2
DA:127,1
DA:129,1
DA:143,1
LF:15
LH:15
BRDA:26,0,0,11
BRDA:26,0,1,4
BRDA:47,1,0,3
BRDA:47,1,1,0
BRDA:47,1,2,3
BRDA:47,1,3,3
BRDA:68,2,0,1
BRDA:68,2,1,2
BRDA:97,3,0,1
BRDA:97,3,1,2
BRDA:126,4,0,1
BRDA:126,4,1,1
BRF:12
BRH:11
end_of_record
TN:
SF:/Users/mek/Documents/ENSIIE/2A/ITEST/tp-jest/src/math.js
FN:2,(anonymous_0)
FN:30,(anonymous_1)
FN:48,(anonymous_2)
FN:51,(anonymous_3)
FN:52,(anonymous_4)
FN:53,(anonymous_5)
FN:68,(anonymous_6)
FN:72,(anonymous_7)
FNF:8
FNH:8
FNDA:22,(anonymous_0)
FNDA:19,(anonymous_1)
FNDA:2,(anonymous_2)
FNDA:14,(anonymous_3)
FNDA:14,(anonymous_4)
FNDA:5,(anonymous_5)
FNDA:1,(anonymous_6)
FNDA:15,(anonymous_7)
DA:1,1
DA:2,1
DA:3,22
DA:4,1
DA:7,21
DA:8,0
DA:11,21
DA:12,0
DA:15,21
DA:16,6
DA:19,15
DA:30,1
DA:31,19
DA:32,16
DA:33,11
DA:34,4
DA:35,3
DA:48,1
DA:49,2
DA:51,14
DA:52,14
DA:53,5
DA:68,1
DA:69,1
DA:70,1
DA:71,1
DA:72,15
DA:73,1
DA:74,15
DA:75,15
DA:76,15
DA:77,15
DA:79,1
DA:94,1
LF:34
LH:32
BRDA:3,0,0,1
BRDA:3,0,1,21
BRDA:7,1,0,0
BRDA:7,1,1,21
BRDA:7,2,0,21
BRDA:7,2,1,21
BRDA:11,3,0,0
BRDA:11,3,1,21
BRDA:15,4,0,6
BRDA:15,4,1,15
BRDA:31,5,0,16
BRDA:31,5,1,3
BRDA:32,6,0,5
BRDA:32,6,1,11
BRDA:32,7,0,16
BRDA:32,7,1,13
BRDA:33,8,0,7
BRDA:33,8,1,4
BRDA:33,9,0,11
BRDA:33,9,1,4
BRDA:75,10,0,5
BRDA:75,10,1,10
BRDA:76,11,0,3
BRDA:76,11,1,12
BRDA:77,12,0,7
BRDA:77,12,1,8
BRDA:77,13,0,15
BRDA:77,13,1,10
BRF:28
BRH:26
end_of_record
